<?xml version="1.0" encoding="UTF-8"?>
<!-- Generated by org.testng.reporters.JUnitReportReporter -->
<testsuite hostname="DESKTOP-UJ1ABA6" failures="0" tests="2" name="com.crm.qa.testcases.LoginPageTest" time="47.045" errors="0" timestamp="2022-04-29T01:49:49 IST" skipped="0">
  <testcase classname="com.crm.qa.testcases.LoginPageTest" name="loginPageTitleTest" time="11.119"/>
  <system-out/>
  <testcase classname="com.crm.qa.testcases.LoginPageTest" name="loginTest" time="35.926"/>
  <system-out/>
</testsuite> <!-- com.crm.qa.testcases.LoginPageTest -->
