<?xml version="1.0" encoding="UTF-8"?>
<!-- Generated by org.testng.reporters.JUnitReportReporter -->
<testsuite hostname="DESKTOP-UJ1ABA6" failures="0" tests="1" name="Test.RestPractice" time="10.388" errors="0" timestamp="2022-09-20T11:47:20 IST" skipped="0">
  <testcase classname="Test.RestPractice" name="verifyGet" time="10.388"/>
  <system-out/>
</testsuite> <!-- Test.RestPractice -->
