<?xml version="1.0" encoding="UTF-8"?>
<!-- Generated by org.testng.reporters.JUnitReportReporter -->
<testsuite hostname="DESKTOP-UJ1ABA6" failures="0" tests="1" name="KhansaTestLayer.LoginTest" time="8.538" errors="0" timestamp="2022-09-27T14:46:09 IST" skipped="0">
  <testcase classname="KhansaTestLayer.LoginTest" name="toVerifyLoginFunction" time="8.538"/>
  <system-out/>
</testsuite> <!-- KhansaTestLayer.LoginTest -->
