<?xml version="1.0" encoding="UTF-8"?>
<!-- Generated by org.testng.reporters.JUnitReportReporter -->
<testsuite hostname="DESKTOP-UJ1ABA6" failures="0" tests="1" name="com.BankAutomation.testCases.TC_LoginTest_001" time="5.022" errors="0" timestamp="2022-06-17T14:54:10 IST" skipped="0">
  <testcase classname="com.BankAutomation.testCases.TC_LoginTest_001" name="loginTest" time="5.022"/>
  <system-out/>
</testsuite> <!-- com.BankAutomation.testCases.TC_LoginTest_001 -->
