<?xml version="1.0" encoding="UTF-8"?>
<!-- Generated by org.testng.reporters.JUnitReportReporter -->
<testsuite hostname="DESKTOP-UJ1ABA6" failures="0" tests="1" name="capgguru99Application.Guru99AapplicationTest" time="27.131" errors="0" timestamp="2022-07-26T11:51:23 IST" skipped="0">
  <testcase classname="capgguru99Application.Guru99AapplicationTest" name="verifyTitleOfThePage" time="27.131"/>
  <system-out/>
</testsuite> <!-- capgguru99Application.Guru99AapplicationTest -->
