<?xml version="1.0" encoding="UTF-8"?>
<!-- Generated by org.testng.reporters.JUnitReportReporter -->
<testsuite hostname="DESKTOP-UJ1ABA6" failures="0" tests="4" name="Testng.TestngFeatures" time="0.027" errors="0" timestamp="2022-06-05T21:26:15 IST" skipped="2">
  <testcase classname="Testng.TestngFeatures" name="homePageTest" time="0.002"/>
  <system-out/>
  <testcase classname="Testng.TestngFeatures" name="SearchPageTest" time="0.004">
    <skipped/>
  </testcase> <!-- SearchPageTest -->
  <system-out/>
  <testcase classname="Testng.TestngFeatures" name="loginTest" time="0.021"/>
  <system-out/>
  <testcase classname="Testng.TestngFeatures" name="skipTestCase">
    <skipped/>
  </testcase> <!-- skipTestCase -->
  <system-out/>
</testsuite> <!-- Testng.TestngFeatures -->
