<?xml version="1.0" encoding="UTF-8"?>
<!-- Generated by org.testng.reporters.JUnitReportReporter -->
<testsuite hostname="DESKTOP-UJ1ABA6" failures="0" tests="2" name="PracticeTestng" time="0.046" errors="0" timestamp="2022-05-18T14:55:58 IST" skipped="0">
  <testcase classname="PracticeTestng" name="aeetUp" time="0.034"/>
  <system-out/>
  <testcase classname="PracticeTestng" name="setUp" time="0.012"/>
  <system-out/>
</testsuite> <!-- PracticeTestng -->
