<?xml version="1.0" encoding="UTF-8"?>
<!-- Generated by org.testng.reporters.JUnitReportReporter -->
<testsuite hostname="DESKTOP-UJ1ABA6" failures="0" tests="1" name="TestLayer.HomePageTest" time="3.245" errors="0" timestamp="2022-10-11T12:50:29 IST" skipped="0">
  <testcase classname="TestLayer.HomePageTest" name="toVerifyRadioTest" time="3.245"/>
  <system-out/>
</testsuite> <!-- TestLayer.HomePageTest -->
