<?xml version="1.0" encoding="UTF-8"?>
<!-- Generated by org.testng.reporters.JUnitReportReporter -->
<testsuite hostname="DESKTOP-UJ1ABA6" failures="0" tests="1" name="TestLayer.LoginTest" time="4.739" errors="0" timestamp="2022-10-11T12:50:29 IST" skipped="0">
  <testcase classname="TestLayer.LoginTest" name="toVerifyLoginTest" time="4.739"/>
  <system-out/>
</testsuite> <!-- TestLayer.LoginTest -->
